# JRE version: Java(TM) SE Runtime Environment (8.0_181-b13) (build 1.8.0_181-b13)
# Java VM: Java HotSpot(TM) 64-Bit Server VM (25.181-b13 mixed mode windows-amd64 compressed oops)
Heap:
 PSYoungGen      total 441344K, used 109289K [0x0000000780000000, 0x000000079f000000, 0x00000007c0000000)
  eden space 388096K, 24% used [0x0000000780000000,0x0000000785e1d340,0x0000000797b00000)
  from space 53248K, 24% used [0x000000079bc00000,0x000000079c89d180,0x000000079f000000)
  to   space 59904K, 0% used [0x0000000797b00000,0x0000000797b00000,0x000000079b580000)
 ParOldGen       total 236032K, used 169329K [0x0000000700000000, 0x000000070e680000, 0x0000000780000000)
  object space 236032K, 71% used [0x0000000700000000,0x000000070a55c4d8,0x000000070e680000)
 Metaspace       used 67609K, capacity 71333K, committed 71424K, reserved 1110016K
  class space    used 9225K, capacity 9967K, committed 9984K, reserved 1048576K
GC Heap History (10 events):
Event: 9.838 GC heap before
{Heap before GC invocations=17 (full 3):
 PSYoungGen      total 235008K, used 234993K [0x0000000780000000, 0x0000000794d00000, 0x00000007c0000000)
  eden space 215040K, 100% used [0x0000000780000000,0x000000078d200000,0x000000078d200000)
  from space 19968K, 99% used [0x000000078d200000,0x000000078e57c5c8,0x000000078e580000)
  to   space 35840K, 0% used [0x0000000792a00000,0x0000000792a00000,0x0000000794d00000)
 ParOldGen       total 236032K, used 72029K [0x0000000700000000, 0x000000070e680000, 0x0000000780000000)
  object space 236032K, 30% used [0x0000000700000000,0x0000000704657758,0x000000070e680000)
 Metaspace       used 64123K, capacity 67955K, committed 68096K, reserved 1107968K
  class space    used 8921K, capacity 9643K, committed 9728K, reserved 1048576K
Event: 9.868 GC heap after
Heap after GC invocations=17 (full 3):
 PSYoungGen      total 290304K, used 35810K [0x0000000780000000, 0x0000000797800000, 0x00000007c0000000)
  eden space 254464K, 0% used [0x0000000780000000,0x0000000780000000,0x000000078f880000)
  from space 35840K, 99% used [0x0000000792a00000,0x0000000794cf8b00,0x0000000794d00000)
  to   space 50688K, 0% used [0x000000078f880000,0x000000078f880000,0x0000000792a00000)
 ParOldGen       total 236032K, used 96395K [0x0000000700000000, 0x000000070e680000, 0x0000000780000000)
  object space 236032K, 40% used [0x0000000700000000,0x0000000705e22cc0,0x000000070e680000)
 Metaspace       used 64123K, capacity 67955K, committed 68096K, reserved 1107968K
  class space    used 8921K, capacity 9643K, committed 9728K, reserved 1048576K
}
Event: 11.084 GC heap before
{Heap before GC invocations=18 (full 3):
 PSYoungGen      total 290304K, used 290274K [0x0000000780000000, 0x0000000797800000, 0x00000007c0000000)
  eden space 254464K, 100% used [0x0000000780000000,0x000000078f880000,0x000000078f880000)
  from space 35840K, 99% used [0x0000000792a00000,0x0000000794cf8b00,0x0000000794d00000)
  to   space 50688K, 0% used [0x000000078f880000,0x000000078f880000,0x0000000792a00000)
 ParOldGen       total 236032K, used 96395K [0x0000000700000000, 0x000000070e680000, 0x0000000780000000)
  object space 236032K, 40% used [0x0000000700000000,0x0000000705e22cc0,0x000000070e680000)
 Metaspace       used 66317K, capacity 70067K, committed 70400K, reserved 1110016K
  class space    used 9141K, capacity 9873K, committed 9984K, reserved 1048576K
Event: 11.119 GC heap after
Heap after GC invocations=18 (full 3):
 PSYoungGen      total 305152K, used 50668K [0x0000000780000000, 0x000000079cc00000, 0x00000007c0000000)
  eden space 254464K, 0% used [0x0000000780000000,0x0000000780000000,0x000000078f880000)
  from space 50688K, 99% used [0x000000078f880000,0x00000007929fb040,0x0000000792a00000)
  to   space 67584K, 0% used [0x0000000798a00000,0x0000000798a00000,0x000000079cc00000)
 ParOldGen       total 236032K, used 118922K [0x0000000700000000, 0x000000070e680000, 0x0000000780000000)
  object space 236032K, 50% used [0x0000000700000000,0x0000000707422860,0x000000070e680000)
 Metaspace       used 66317K, capacity 70067K, committed 70400K, reserved 1110016K
  class space    used 9141K, capacity 9873K, committed 9984K, reserved 1048576K
}
Event: 13.437 GC heap before
{Heap before GC invocations=19 (full 3):
 PSYoungGen      total 305152K, used 305132K [0x0000000780000000, 0x000000079cc00000, 0x00000007c0000000)
  eden space 254464K, 100% used [0x0000000780000000,0x000000078f880000,0x000000078f880000)
  from space 50688K, 99% used [0x000000078f880000,0x00000007929fb040,0x0000000792a00000)
  to   space 67584K, 0% used [0x0000000798a00000,0x0000000798a00000,0x000000079cc00000)
 ParOldGen       total 236032K, used 118922K [0x0000000700000000, 0x000000070e680000, 0x0000000780000000)
  object space 236032K, 50% used [0x0000000700000000,0x0000000707422860,0x000000070e680000)
 Metaspace       used 67322K, capacity 71139K, committed 71424K, reserved 1110016K
  class space    used 9206K, capacity 9951K, committed 9984K, reserved 1048576K
Event: 13.467 GC heap after
Heap after GC invocations=19 (full 3):
 PSYoungGen      total 385024K, used 26182K [0x0000000780000000, 0x000000079bf80000, 0x00000007c0000000)
  eden space 330240K, 0% used [0x0000000780000000,0x0000000780000000,0x0000000794280000)
  from space 54784K, 47% used [0x0000000798a00000,0x000000079a391b00,0x000000079bf80000)
  to   space 64000K, 0% used [0x0000000794280000,0x0000000794280000,0x0000000798100000)
 ParOldGen       total 236032K, used 150915K [0x0000000700000000, 0x000000070e680000, 0x0000000780000000)
  object space 236032K, 63% used [0x0000000700000000,0x0000000709360f20,0x000000070e680000)
 Metaspace       used 67322K, capacity 71139K, committed 71424K, reserved 1110016K
  class space    used 9206K, capacity 9951K, committed 9984K, reserved 1048576K
}
Event: 14.352 GC heap before
{Heap before GC invocations=20 (full 3):
 PSYoungGen      total 385024K, used 355359K [0x0000000780000000, 0x000000079bf80000, 0x00000007c0000000)
  eden space 330240K, 99% used [0x0000000780000000,0x0000000794176258,0x0000000794280000)
  from space 54784K, 47% used [0x0000000798a00000,0x000000079a391b00,0x000000079bf80000)
  to   space 64000K, 0% used [0x0000000794280000,0x0000000794280000,0x0000000798100000)
 ParOldGen       total 236032K, used 150915K [0x0000000700000000, 0x000000070e680000, 0x0000000780000000)
  object space 236032K, 63% used [0x0000000700000000,0x0000000709360f20,0x000000070e680000)
 Metaspace       used 67340K, capacity 71139K, committed 71424K, reserved 1110016K
  class space    used 9206K, capacity 9951K, committed 9984K, reserved 1048576K
Event: 14.365 GC heap after
Heap after GC invocations=20 (full 3):
 PSYoungGen      total 394240K, used 13729K [0x0000000780000000, 0x000000079f880000, 0x00000007c0000000)
  eden space 330240K, 0% used [0x0000000780000000,0x0000000780000000,0x0000000794280000)
  from space 64000K, 21% used [0x0000000794280000,0x0000000794fe8698,0x0000000798100000)
  to   space 61952K, 0% used [0x000000079bc00000,0x000000079bc00000,0x000000079f880000)
 ParOldGen       total 236032K, used 169329K [0x0000000700000000, 0x000000070e680000, 0x0000000780000000)
  object space 236032K, 71% used [0x0000000700000000,0x000000070a55c4d8,0x000000070e680000)
 Metaspace       used 67340K, capacity 71139K, committed 71424K, reserved 1110016K
  class space    used 9206K, capacity 9951K, committed 9984K, reserved 1048576K
}
Event: 14.903 GC heap before
{Heap before GC invocations=21 (full 3):
 PSYoungGen      total 394240K, used 340269K [0x0000000780000000, 0x000000079f880000, 0x00000007c0000000)
  eden space 330240K, 98% used [0x0000000780000000,0x0000000793ee2ea0,0x0000000794280000)
  from space 64000K, 21% used [0x0000000794280000,0x0000000794fe8698,0x0000000798100000)
  to   space 61952K, 0% used [0x000000079bc00000,0x000000079bc00000,0x000000079f880000)
 ParOldGen       total 236032K, used 169329K [0x0000000700000000, 0x000000070e680000, 0x0000000780000000)
  object space 236032K, 71% used [0x0000000700000000,0x000000070a55c4d8,0x000000070e680000)
 Metaspace       used 67340K, capacity 71139K, committed 71424K, reserved 1110016K
  class space    used 9206K, capacity 9951K, committed 9984K, reserved 1048576K
Event: 14.909 GC heap after
Heap after GC invocations=21 (full 3):
 PSYoungGen      total 441344K, used 12916K [0x0000000780000000, 0x000000079f000000, 0x00000007c0000000)
  eden space 388096K, 0% used [0x0000000780000000,0x0000000780000000,0x0000000797b00000)
  from space 53248K, 24% used [0x000000079bc00000,0x000000079c89d180,0x000000079f000000)
  to   space 59904K, 0% used [0x0000000797b00000,0x0000000797b00000,0x000000079b580000)
 ParOldGen       total 236032K, used 169329K [0x0000000700000000, 0x000000070e680000, 0x0000000780000000)
  object space 236032K, 71% used [0x0000000700000000,0x000000070a55c4d8,0x000000070e680000)
 Metaspace       used 67340K, capacity 71139K, committed 71424K, reserved 1110016K
  class space    used 9206K, capacity 9951K, committed 9984K, reserved 1048576K
}

