# JRE version: Java(TM) SE Runtime Environment (8.0_181-b13) (build 1.8.0_181-b13)
# Java VM: Java HotSpot(TM) 64-Bit Server VM (25.181-b13 mixed mode windows-amd64 compressed oops)
Heap:
 PSYoungGen      total 404480K, used 238909K [0x000000076ab00000, 0x0000000787600000, 0x00000007c0000000)
  eden space 358912K, 54% used [0x000000076ab00000,0x0000000776991d08,0x0000000780980000)
  from space 45568K, 96% used [0x0000000783b80000,0x000000078663d7a8,0x0000000786800000)
  to   space 51200K, 0% used [0x0000000780980000,0x0000000780980000,0x0000000783b80000)
 ParOldGen       total 320000K, used 85678K [0x00000006c0000000, 0x00000006d3880000, 0x000000076ab00000)
  object space 320000K, 26% used [0x00000006c0000000,0x00000006c53abac8,0x00000006d3880000)
 Metaspace       used 61993K, capacity 63204K, committed 63488K, reserved 1103872K
  class space    used 8468K, capacity 8837K, committed 8960K, reserved 1048576K
GC Heap History (10 events):
Event: 7.698 GC heap before
{Heap before GC invocations=13 (full 2):
 PSYoungGen      total 254464K, used 225040K [0x000000076ab00000, 0x000000077cd00000, 0x00000007c0000000)
  eden space 229376K, 87% used [0x000000076ab00000,0x0000000776ee0e10,0x0000000778b00000)
  from space 25088K, 97% used [0x000000077a680000,0x000000077be632b0,0x000000077bf00000)
  to   space 28160K, 0% used [0x0000000778b00000,0x0000000778b00000,0x000000077a680000)
 ParOldGen       total 177664K, used 38390K [0x00000006c0000000, 0x00000006cad80000, 0x000000076ab00000)
  object space 177664K, 21% used [0x00000006c0000000,0x00000006c257d9f8,0x00000006cad80000)
 Metaspace       used 57888K, capacity 58944K, committed 59136K, reserved 1099776K
  class space    used 8005K, capacity 8330K, committed 8448K, reserved 1048576K
Event: 7.738 GC heap after
Heap after GC invocations=13 (full 2):
 PSYoungGen      total 257536K, used 28150K [0x000000076ab00000, 0x0000000783a00000, 0x00000007c0000000)
  eden space 229376K, 0% used [0x000000076ab00000,0x000000076ab00000,0x0000000778b00000)
  from space 28160K, 99% used [0x0000000778b00000,0x000000077a67da90,0x000000077a680000)
  to   space 47616K, 0% used [0x0000000780b80000,0x0000000780b80000,0x0000000783a00000)
 ParOldGen       total 177664K, used 81879K [0x00000006c0000000, 0x00000006cad80000, 0x000000076ab00000)
  object space 177664K, 46% used [0x00000006c0000000,0x00000006c4ff5da0,0x00000006cad80000)
 Metaspace       used 57888K, capacity 58944K, committed 59136K, reserved 1099776K
  class space    used 8005K, capacity 8330K, committed 8448K, reserved 1048576K
}
Event: 7.738 GC heap before
{Heap before GC invocations=14 (full 3):
 PSYoungGen      total 257536K, used 28150K [0x000000076ab00000, 0x0000000783a00000, 0x00000007c0000000)
  eden space 229376K, 0% used [0x000000076ab00000,0x000000076ab00000,0x0000000778b00000)
  from space 28160K, 99% used [0x0000000778b00000,0x000000077a67da90,0x000000077a680000)
  to   space 47616K, 0% used [0x0000000780b80000,0x0000000780b80000,0x0000000783a00000)
 ParOldGen       total 177664K, used 81879K [0x00000006c0000000, 0x00000006cad80000, 0x000000076ab00000)
  object space 177664K, 46% used [0x00000006c0000000,0x00000006c4ff5da0,0x00000006cad80000)
 Metaspace       used 57888K, capacity 58944K, committed 59136K, reserved 1099776K
  class space    used 8005K, capacity 8330K, committed 8448K, reserved 1048576K
Event: 7.918 GC heap after
Heap after GC invocations=14 (full 3):
 PSYoungGen      total 257536K, used 0K [0x000000076ab00000, 0x0000000783a00000, 0x00000007c0000000)
  eden space 229376K, 0% used [0x000000076ab00000,0x000000076ab00000,0x0000000778b00000)
  from space 28160K, 0% used [0x0000000778b00000,0x0000000778b00000,0x000000077a680000)
  to   space 47616K, 0% used [0x0000000780b80000,0x0000000780b80000,0x0000000783a00000)
 ParOldGen       total 320000K, used 85662K [0x00000006c0000000, 0x00000006d3880000, 0x000000076ab00000)
  object space 320000K, 26% used [0x00000006c0000000,0x00000006c53a7ab0,0x00000006d3880000)
 Metaspace       used 57888K, capacity 58944K, committed 59136K, reserved 1099776K
  class space    used 8005K, capacity 8330K, committed 8448K, reserved 1048576K
}
Event: 9.364 GC heap before
{Heap before GC invocations=15 (full 3):
 PSYoungGen      total 257536K, used 229376K [0x000000076ab00000, 0x0000000783a00000, 0x00000007c0000000)
  eden space 229376K, 100% used [0x000000076ab00000,0x0000000778b00000,0x0000000778b00000)
  from space 28160K, 0% used [0x0000000778b00000,0x0000000778b00000,0x000000077a680000)
  to   space 47616K, 0% used [0x0000000780b80000,0x0000000780b80000,0x0000000783a00000)
 ParOldGen       total 320000K, used 85662K [0x00000006c0000000, 0x00000006d3880000, 0x000000076ab00000)
  object space 320000K, 26% used [0x00000006c0000000,0x00000006c53a7ab0,0x00000006d3880000)
 Metaspace       used 61654K, capacity 62838K, committed 63104K, reserved 1103872K
  class space    used 8437K, capacity 8761K, committed 8832K, reserved 1048576K
Event: 9.375 GC heap after
Heap after GC invocations=15 (full 3):
 PSYoungGen      total 311808K, used 21463K [0x000000076ab00000, 0x0000000782080000, 0x00000007c0000000)
  eden space 290304K, 0% used [0x000000076ab00000,0x000000076ab00000,0x000000077c680000)
  from space 21504K, 99% used [0x0000000780b80000,0x0000000782075c20,0x0000000782080000)
  to   space 45568K, 0% used [0x000000077c780000,0x000000077c780000,0x000000077f400000)
 ParOldGen       total 320000K, used 85678K [0x00000006c0000000, 0x00000006d3880000, 0x000000076ab00000)
  object space 320000K, 26% used [0x00000006c0000000,0x00000006c53abac8,0x00000006d3880000)
 Metaspace       used 61654K, capacity 62838K, committed 63104K, reserved 1103872K
  class space    used 8437K, capacity 8761K, committed 8832K, reserved 1048576K
}
Event: 10.167 GC heap before
{Heap before GC invocations=16 (full 3):
 PSYoungGen      total 311808K, used 308186K [0x000000076ab00000, 0x0000000782080000, 0x00000007c0000000)
  eden space 290304K, 98% used [0x000000076ab00000,0x000000077c300c10,0x000000077c680000)
  from space 21504K, 99% used [0x0000000780b80000,0x0000000782075c20,0x0000000782080000)
  to   space 45568K, 0% used [0x000000077c780000,0x000000077c780000,0x000000077f400000)
 ParOldGen       total 320000K, used 85678K [0x00000006c0000000, 0x00000006d3880000, 0x000000076ab00000)
  object space 320000K, 26% used [0x00000006c0000000,0x00000006c53abac8,0x00000006d3880000)
 Metaspace       used 61667K, capacity 62838K, committed 63104K, reserved 1103872K
  class space    used 8437K, capacity 8761K, committed 8832K, reserved 1048576K
Event: 10.178 GC heap after
Heap after GC invocations=16 (full 3):
 PSYoungGen      total 336896K, used 26180K [0x000000076ab00000, 0x0000000786800000, 0x00000007c0000000)
  eden space 291328K, 0% used [0x000000076ab00000,0x000000076ab00000,0x000000077c780000)
  from space 45568K, 57% used [0x000000077c780000,0x000000077e111308,0x000000077f400000)
  to   space 45568K, 0% used [0x0000000783b80000,0x0000000783b80000,0x0000000786800000)
 ParOldGen       total 320000K, used 85678K [0x00000006c0000000, 0x00000006d3880000, 0x000000076ab00000)
  object space 320000K, 26% used [0x00000006c0000000,0x00000006c53abac8,0x00000006d3880000)
 Metaspace       used 61667K, capacity 62838K, committed 63104K, reserved 1103872K
  class space    used 8437K, capacity 8761K, committed 8832K, reserved 1048576K
}
Event: 10.682 GC heap before
{Heap before GC invocations=17 (full 3):
 PSYoungGen      total 336896K, used 316585K [0x000000076ab00000, 0x0000000786800000, 0x00000007c0000000)
  eden space 291328K, 99% used [0x000000076ab00000,0x000000077c6992e8,0x000000077c780000)
  from space 45568K, 57% used [0x000000077c780000,0x000000077e111308,0x000000077f400000)
  to   space 45568K, 0% used [0x0000000783b80000,0x0000000783b80000,0x0000000786800000)
 ParOldGen       total 320000K, used 85678K [0x00000006c0000000, 0x00000006d3880000, 0x000000076ab00000)
  object space 320000K, 26% used [0x00000006c0000000,0x00000006c53abac8,0x00000006d3880000)
 Metaspace       used 61667K, capacity 62838K, committed 63104K, reserved 1103872K
  class space    used 8437K, capacity 8761K, committed 8832K, reserved 1048576K
Event: 10.692 GC heap after
Heap after GC invocations=17 (full 3):
 PSYoungGen      total 404480K, used 43765K [0x000000076ab00000, 0x0000000787600000, 0x00000007c0000000)
  eden space 358912K, 0% used [0x000000076ab00000,0x000000076ab00000,0x0000000780980000)
  from space 45568K, 96% used [0x0000000783b80000,0x000000078663d7a8,0x0000000786800000)
  to   space 51200K, 0% used [0x0000000780980000,0x0000000780980000,0x0000000783b80000)
 ParOldGen       total 320000K, used 85678K [0x00000006c0000000, 0x00000006d3880000, 0x000000076ab00000)
  object space 320000K, 26% used [0x00000006c0000000,0x00000006c53abac8,0x00000006d3880000)
 Metaspace       used 61667K, capacity 62838K, committed 63104K, reserved 1103872K
  class space    used 8437K, capacity 8761K, committed 8832K, reserved 1048576K
}

